<?xml version="1.0" encoding="UTF-8"?>
<!-- Generated by org.testng.reporters.JUnitReportReporter -->
<testsuite skipped="0" hostname="DESKTOP-I89PUIK" name="com.amazon.testcases.LoginPageTest" tests="3" failures="0" timestamp="13 May 2018 03:34:38 GMT" time="22.251" errors="0">
  <testcase name="loginPageTitleTest" time="5.003" classname="com.amazon.testcases.LoginPageTest"/>
  <testcase name="amazonImageTest" time="5.037" classname="com.amazon.testcases.LoginPageTest"/>
  <testcase name="loginTest" time="12.211" classname="com.amazon.testcases.LoginPageTest"/>
</testsuite> <!-- com.amazon.testcases.LoginPageTest -->
